Collecting darts
  Using cached darts-0.44.1-py3-none-any.whl.metadata (65 kB)
Collecting holidays>=0.11.1 (from darts)
  Downloading holidays-0.98-py3-none-any.whl.metadata (53 kB)
Requirement already satisfied: joblib>=0.16.0 in C:\Users\oscarau\AppData\Local\Python\pythoncore-3.14-64\Lib\site-packages (from darts) (1.5.3)
Requirement already satisfied: matplotlib>=3.3.0 in C:\Users\oscarau\AppData\Local\Python\pythoncore-3.14-64\Lib\site-packages (from darts) (3.11.0)
Requirement already satisfied: narwhals>=1.25.1 in C:\Users\oscarau\AppData\Local\Python\pythoncore-3.14-64\Lib\site-packages (from darts) (2.22.1)
Collecting nfoursid>=1.0.0 (from darts)
  Downloading nfoursid-1.0.2-py3-none-any.whl.metadata (1.9 kB)
Requirement already satisfied: numpy>=1.26.0 in C:\Users\oscarau\AppData\Local\Python\pythoncore-3.14-64\Lib\site-packages (from darts) (2.4.6)
Requirement already satisfied: pandas>=2.2.0 in C:\Users\oscarau\AppData\Local\Python\pythoncore-3.14-64\Lib\site-packages (from darts) (3.0.3)
Collecting pyod>=0.9.5 (from darts)
  Downloading pyod-3.6.0-py3-none-any.whl.metadata (58 kB)
Requirement already satisfied: requests>=2.22.0 in C:\Users\oscarau\AppData\Local\Python\pythoncore-3.14-64\Lib\site-packages (from darts) (2.34.2)
Requirement already satisfied: scikit-learn>=1.6.0 in C:\Users\oscarau\AppData\Local\Python\pythoncore-3.14-64\Lib\site-packages (from darts) (1.9.0)
Requirement already satisfied: scipy>=1.3.2 in C:\Users\oscarau\AppData\Local\Python\pythoncore-3.14-64\Lib\site-packages (from darts) (1.17.1)
Collecting shap>=0.40.0 (from darts)
  Downloading shap-0.52.0-cp312-abi3-win_amd64.whl.metadata (26 kB)
Requirement already satisfied: statsmodels>=0.14.0 in C:\Users\oscarau\AppData\Local\Python\pythoncore-3.14-64\Lib\site-packages (from darts) (0.14.6)
Requirement already satisfied: tqdm>=4.60.0 in C:\Users\oscarau\AppData\Local\Python\pythoncore-3.14-64\Lib\site-packages (from darts) (4.68.2)
Requirement already satisfied: typing-extensions>=4.0.0 in C:\Users\oscarau\AppData\Local\Python\pythoncore-3.14-64\Lib\site-packages (from darts) (4.15.0)
Collecting xarray>=0.17.0 (from darts)
  Downloading xarray-2026.4.0-py3-none-any.whl.metadata (12 kB)
Requirement already satisfied: python-dateutil<3,>=2.9.0.post0 in C:\Users\oscarau\AppData\Local\Python\pythoncore-3.14-64\Lib\site-packages (from holidays>=0.11.1->darts) (2.9.0.post0)
Requirement already satisfied: six>=1.5 in C:\Users\oscarau\AppData\Local\Python\pythoncore-3.14-64\Lib\site-packages (from python-dateutil<3,>=2.9.0.post0->holidays>=0.11.1->darts) (1.17.0)
Requirement already satisfied: contourpy>=1.0.1 in C:\Users\oscarau\AppData\Local\Python\pythoncore-3.14-64\Lib\site-packages (from matplotlib>=3.3.0->darts) (1.3.3)
Requirement already satisfied: cycler>=0.10 in C:\Users\oscarau\AppData\Local\Python\pythoncore-3.14-64\Lib\site-packages (from matplotlib>=3.3.0->darts) (0.12.1)
Requirement already satisfied: fonttools>=4.22.0 in C:\Users\oscarau\AppData\Local\Python\pythoncore-3.14-64\Lib\site-packages (from matplotlib>=3.3.0->darts) (4.63.0)
Requirement already satisfied: kiwisolver>=1.3.1 in C:\Users\oscarau\AppData\Local\Python\pythoncore-3.14-64\Lib\site-packages (from matplotlib>=3.3.0->darts) (1.5.0)
Requirement already satisfied: packaging>=20.0 in C:\Users\oscarau\AppData\Local\Python\pythoncore-3.14-64\Lib\site-packages (from matplotlib>=3.3.0->darts) (26.2)
Requirement already satisfied: pillow>=9 in C:\Users\oscarau\AppData\Local\Python\pythoncore-3.14-64\Lib\site-packages (from matplotlib>=3.3.0->darts) (12.2.0)
Requirement already satisfied: pyparsing>=3 in C:\Users\oscarau\AppData\Local\Python\pythoncore-3.14-64\Lib\site-packages (from matplotlib>=3.3.0->darts) (3.3.2)
Requirement already satisfied: tzdata in C:\Users\oscarau\AppData\Local\Python\pythoncore-3.14-64\Lib\site-packages (from pandas>=2.2.0->darts) (2026.2)
Requirement already satisfied: numba>=0.51 in C:\Users\oscarau\AppData\Local\Python\pythoncore-3.14-64\Lib\site-packages (from pyod>=0.9.5->darts) (0.65.1)
Requirement already satisfied: llvmlite<0.48,>=0.47.0dev0 in C:\Users\oscarau\AppData\Local\Python\pythoncore-3.14-64\Lib\site-packages (from numba>=0.51->pyod>=0.9.5->darts) (0.47.0)
Requirement already satisfied: charset_normalizer<4,>=2 in C:\Users\oscarau\AppData\Local\Python\pythoncore-3.14-64\Lib\site-packages (from requests>=2.22.0->darts) (3.4.7)
Requirement already satisfied: idna<4,>=2.5 in C:\Users\oscarau\AppData\Local\Python\pythoncore-3.14-64\Lib\site-packages (from requests>=2.22.0->darts) (3.18)
Requirement already satisfied: urllib3<3,>=1.26 in C:\Users\oscarau\AppData\Local\Python\pythoncore-3.14-64\Lib\site-packages (from requests>=2.22.0->darts) (2.7.0)
Requirement already satisfied: certifi>=2023.5.7 in C:\Users\oscarau\AppData\Local\Python\pythoncore-3.14-64\Lib\site-packages (from requests>=2.22.0->darts) (2026.5.20)
Requirement already satisfied: threadpoolctl>=3.5.0 in C:\Users\oscarau\AppData\Local\Python\pythoncore-3.14-64\Lib\site-packages (from scikit-learn>=1.6.0->darts) (3.6.0)
Collecting slicer==0.0.8 (from shap>=0.40.0->darts)
  Downloading slicer-0.0.8-py3-none-any.whl.metadata (4.0 kB)
Requirement already satisfied: cloudpickle in C:\Users\oscarau\AppData\Local\Python\pythoncore-3.14-64\Lib\site-packages (from shap>=0.40.0->darts) (3.1.2)
Requirement already satisfied: patsy>=0.5.6 in C:\Users\oscarau\AppData\Local\Python\pythoncore-3.14-64\Lib\site-packages (from statsmodels>=0.14.0->darts) (1.0.2)
Requirement already satisfied: colorama in C:\Users\oscarau\AppData\Local\Python\pythoncore-3.14-64\Lib\site-packages (from tqdm>=4.60.0->darts) (0.4.6)
Downloading darts-0.44.1-py3-none-any.whl (780 kB)
   ---------------------------------------- 780.9/780.9 kB 6.2 MB/s  0:00:00
Downloading holidays-0.98-py3-none-any.whl (1.5 MB)
   ---------------------------------------- 1.5/1.5 MB 16.1 MB/s  0:00:00
Downloading nfoursid-1.0.2-py3-none-any.whl (18 kB)
Downloading pyod-3.6.0-py3-none-any.whl (411 kB)
Downloading shap-0.52.0-cp312-abi3-win_amd64.whl (499 kB)
Downloading slicer-0.0.8-py3-none-any.whl (15 kB)
Downloading xarray-2026.4.0-py3-none-any.whl (1.4 MB)
   ---------------------------------------- 1.4/1.4 MB 49.8 MB/s  0:00:00
Installing collected packages: slicer, holidays, xarray, shap, pyod, nfoursid, darts
  WARNING: The scripts pyod-install-skill.exe and pyod.exe are installed in 'C:\Users\oscarau\AppData\Local\Python\pythoncore-3.14-64\Scripts' which is not on PATH.
  Consider adding this directory to PATH or, if you prefer to suppress this warning, use --no-warn-script-location.

Successfully installed darts-0.44.1 holidays-0.98 nfoursid-1.0.2 pyod-3.6.0 shap-0.52.0 slicer-0.0.8 xarray-2026.4.0
