Collecting neuralforecast
  Using cached neuralforecast-3.1.9-py3-none-any.whl.metadata (14 kB)
Collecting coreforecast>=0.0.6 (from neuralforecast)
  Using cached coreforecast-0.0.17-cp314-cp314-win_amd64.whl.metadata (3.6 kB)
Requirement already satisfied: fsspec in C:\Users\oscarau\AppData\Local\Python\pythoncore-3.14-64\Lib\site-packages (from neuralforecast) (2026.4.0)
Requirement already satisfied: numpy>=1.21.6 in C:\Users\oscarau\AppData\Local\Python\pythoncore-3.14-64\Lib\site-packages (from neuralforecast) (2.4.6)
Requirement already satisfied: pandas>=1.3.5 in C:\Users\oscarau\AppData\Local\Python\pythoncore-3.14-64\Lib\site-packages (from neuralforecast) (3.0.3)
Requirement already satisfied: scipy in C:\Users\oscarau\AppData\Local\Python\pythoncore-3.14-64\Lib\site-packages (from neuralforecast) (1.17.1)
Requirement already satisfied: torch>=2.4.0 in C:\Users\oscarau\AppData\Local\Python\pythoncore-3.14-64\Lib\site-packages (from neuralforecast) (2.12.0)
Collecting tornado>=6.5.5 (from neuralforecast)
  Downloading tornado-6.5.7-cp39-abi3-win_amd64.whl.metadata (2.9 kB)
Collecting pytorch-lightning<2.6.0,>=2.0.0 (from neuralforecast)
  Downloading pytorch_lightning-2.5.6-py3-none-any.whl.metadata (20 kB)
INFO: pip is looking at multiple versions of neuralforecast to determine which version is compatible with other requirements. This could take a while.
Collecting neuralforecast
  Downloading neuralforecast-3.1.8-py3-none-any.whl.metadata (14 kB)
  Downloading neuralforecast-3.1.7-py3-none-any.whl.metadata (14 kB)
Collecting pytorch-lightning>=2.0.0 (from neuralforecast)
  Downloading pytorch_lightning-2.6.5-py3-none-any.whl.metadata (21 kB)
Collecting neuralforecast
  Downloading neuralforecast-3.1.6-py3-none-any.whl.metadata (14 kB)
  Downloading neuralforecast-3.1.5-py3-none-any.whl.metadata (14 kB)
  Downloading neuralforecast-3.1.4-py3-none-any.whl.metadata (14 kB)
  Downloading neuralforecast-3.1.2-py3-none-any.whl.metadata (14 kB)
  Downloading neuralforecast-3.1.1-py3-none-any.whl.metadata (14 kB)
INFO: pip is still looking at multiple versions of neuralforecast to determine which version is compatible with other requirements. This could take a while.
  Downloading neuralforecast-3.1.0-py3-none-any.whl.metadata (14 kB)
  Downloading neuralforecast-3.0.2-py3-none-any.whl.metadata (14 kB)
  Downloading neuralforecast-3.0.1-py3-none-any.whl.metadata (14 kB)
  Downloading neuralforecast-3.0.0-py3-none-any.whl.metadata (14 kB)
  Downloading neuralforecast-2.0.1-py3-none-any.whl.metadata (14 kB)
INFO: This is taking longer than usual. You might need to provide the dependency resolver with stricter constraints to reduce runtime. See https://pip.pypa.io/warnings/backtracking for guidance. If you want to abort this run, press Ctrl + C.
  Downloading neuralforecast-2.0.0-py3-none-any.whl.metadata (14 kB)
  Downloading neuralforecast-1.7.7-py3-none-any.whl.metadata (14 kB)
  Downloading neuralforecast-1.7.6-py3-none-any.whl.metadata (14 kB)
  Downloading neuralforecast-1.7.5-py3-none-any.whl.metadata (14 kB)
  Downloading neuralforecast-1.7.4-py3-none-any.whl.metadata (14 kB)
  Downloading neuralforecast-1.7.3-py3-none-any.whl.metadata (17 kB)
  Downloading neuralforecast-1.7.2-py3-none-any.whl.metadata (16 kB)
  Downloading neuralforecast-1.7.1-py3-none-any.whl.metadata (16 kB)
  Downloading neuralforecast-1.7.0-py3-none-any.whl.metadata (15 kB)
  Downloading neuralforecast-1.6.4-py3-none-any.whl.metadata (15 kB)
  Downloading neuralforecast-1.6.3-py3-none-any.whl.metadata (15 kB)
  Downloading neuralforecast-1.6.2-py3-none-any.whl.metadata (15 kB)
  Downloading neuralforecast-1.6.1-py3-none-any.whl.metadata (15 kB)
  Downloading neuralforecast-1.6.0-py3-none-any.whl.metadata (15 kB)
  Downloading neuralforecast-1.5.0-py3-none-any.whl.metadata (15 kB)
  Downloading neuralforecast-1.4.0-py3-none-any.whl.metadata (15 kB)
Collecting pytorch-lightning==1.6.5 (from neuralforecast)
  Downloading pytorch_lightning-1.6.5-py3-none-any.whl.metadata (32 kB)
WARNING: Ignoring version 1.6.5 of pytorch-lightning since it has invalid metadata:
Requested pytorch-lightning==1.6.5 from https://files.pythonhosted.org/packages/34/de/3c98fb314e5c273a5c8bf0ff3b37e2a2625af7fb6540d9123cd5de975678/pytorch_lightning-1.6.5-py3-none-any.whl (from neuralforecast) has invalid metadata: .* suffix can only be used with `==` or `!=` operators
    torch (>=1.8.*)
           ~~~~~~^
Please use pip<24.1 if you need to use this version.
Collecting neuralforecast
  Downloading neuralforecast-1.3.0-py3-none-any.whl.metadata (15 kB)
Collecting pytorch-lightning==1.6.5 (from neuralforecast)
  Using cached pytorch_lightning-1.6.5-py3-none-any.whl.metadata (32 kB)
WARNING: Ignoring version 1.6.5 of pytorch-lightning since it has invalid metadata:
Requested pytorch-lightning==1.6.5 from https://files.pythonhosted.org/packages/34/de/3c98fb314e5c273a5c8bf0ff3b37e2a2625af7fb6540d9123cd5de975678/pytorch_lightning-1.6.5-py3-none-any.whl (from neuralforecast) has invalid metadata: .* suffix can only be used with `==` or `!=` operators
    torch (>=1.8.*)
           ~~~~~~^
Please use pip<24.1 if you need to use this version.
Collecting neuralforecast
  Downloading neuralforecast-1.2.0-py3-none-any.whl.metadata (15 kB)
Collecting pytorch-lightning==1.6.5 (from neuralforecast)
  Using cached pytorch_lightning-1.6.5-py3-none-any.whl.metadata (32 kB)
WARNING: Ignoring version 1.6.5 of pytorch-lightning since it has invalid metadata:
Requested pytorch-lightning==1.6.5 from https://files.pythonhosted.org/packages/34/de/3c98fb314e5c273a5c8bf0ff3b37e2a2625af7fb6540d9123cd5de975678/pytorch_lightning-1.6.5-py3-none-any.whl (from neuralforecast) has invalid metadata: .* suffix can only be used with `==` or `!=` operators
    torch (>=1.8.*)
           ~~~~~~^
Please use pip<24.1 if you need to use this version.
Collecting neuralforecast
  Downloading neuralforecast-1.1.0-py3-none-any.whl.metadata (15 kB)
Collecting pytorch-lightning==1.6.5 (from neuralforecast)
  Using cached pytorch_lightning-1.6.5-py3-none-any.whl.metadata (32 kB)
WARNING: Ignoring version 1.6.5 of pytorch-lightning since it has invalid metadata:
Requested pytorch-lightning==1.6.5 from https://files.pythonhosted.org/packages/34/de/3c98fb314e5c273a5c8bf0ff3b37e2a2625af7fb6540d9123cd5de975678/pytorch_lightning-1.6.5-py3-none-any.whl (from neuralforecast) has invalid metadata: .* suffix can only be used with `==` or `!=` operators
    torch (>=1.8.*)
           ~~~~~~^
Please use pip<24.1 if you need to use this version.
Collecting neuralforecast
  Downloading neuralforecast-1.0.0-py3-none-any.whl.metadata (14 kB)
Collecting pytorch-lightning==1.6.5 (from neuralforecast)
  Using cached pytorch_lightning-1.6.5-py3-none-any.whl.metadata (32 kB)
WARNING: Ignoring version 1.6.5 of pytorch-lightning since it has invalid metadata:
Requested pytorch-lightning==1.6.5 from https://files.pythonhosted.org/packages/34/de/3c98fb314e5c273a5c8bf0ff3b37e2a2625af7fb6540d9123cd5de975678/pytorch_lightning-1.6.5-py3-none-any.whl (from neuralforecast) has invalid metadata: .* suffix can only be used with `==` or `!=` operators
    torch (>=1.8.*)
           ~~~~~~^
Please use pip<24.1 if you need to use this version.
Collecting neuralforecast
  Downloading neuralforecast-0.1.0-py3-none-any.whl.metadata (13 kB)
Requirement already satisfied: pip in C:\Users\oscarau\AppData\Local\Python\pythoncore-3.14-64\Lib\site-packages (from neuralforecast) (26.1.2)
Collecting hyperopt (from neuralforecast)
  Downloading hyperopt-0.2.7-py2.py3-none-any.whl.metadata (1.7 kB)
Collecting fastcore (from neuralforecast)
  Downloading fastcore-1.13.3-py3-none-any.whl.metadata (3.4 kB)
Collecting matplotlib (from neuralforecast)
  Downloading matplotlib-3.11.0-cp314-cp314-win_amd64.whl.metadata (80 kB)
Collecting numba (from neuralforecast)
  Using cached numba-0.65.1-cp314-cp314-win_amd64.whl.metadata (3.0 kB)
Collecting requests (from neuralforecast)
  Downloading requests-2.34.2-py3-none-any.whl.metadata (4.8 kB)
Requirement already satisfied: statsmodels in C:\Users\oscarau\AppData\Local\Python\pythoncore-3.14-64\Lib\site-packages (from neuralforecast) (0.14.6)
Requirement already satisfied: scikit-learn in C:\Users\oscarau\AppData\Local\Python\pythoncore-3.14-64\Lib\site-packages (from neuralforecast) (1.9.0)
Collecting tqdm (from neuralforecast)
  Downloading tqdm-4.68.2-py3-none-any.whl.metadata (58 kB)
Collecting xlrd (from neuralforecast)
  Downloading xlrd-2.0.2-py2.py3-none-any.whl.metadata (3.5 kB)
Collecting openpyxl (from neuralforecast)
  Downloading openpyxl-3.1.5-py2.py3-none-any.whl.metadata (2.5 kB)
Collecting py7zr (from neuralforecast)
  Downloading py7zr-1.1.0-py3-none-any.whl.metadata (17 kB)
Collecting gdown (from neuralforecast)
  Downloading gdown-6.1.0-py3-none-any.whl.metadata (8.3 kB)
Collecting torchinfo (from neuralforecast)
  Downloading torchinfo-1.8.0-py3-none-any.whl.metadata (21 kB)
Collecting PyYAML>5.4 (from pytorch-lightning>=2.0.0->neuralforecast)
  Downloading pyyaml-6.0.3-cp314-cp314-win_amd64.whl.metadata (2.4 kB)
Collecting torchmetrics>0.7.0 (from pytorch-lightning>=2.0.0->neuralforecast)
  Downloading torchmetrics-1.9.0-py3-none-any.whl.metadata (23 kB)
Requirement already satisfied: packaging>=23.0 in C:\Users\oscarau\AppData\Local\Python\pythoncore-3.14-64\Lib\site-packages (from pytorch-lightning>=2.0.0->neuralforecast) (26.2)
Requirement already satisfied: typing-extensions>4.5.0 in C:\Users\oscarau\AppData\Local\Python\pythoncore-3.14-64\Lib\site-packages (from pytorch-lightning>=2.0.0->neuralforecast) (4.15.0)
Collecting lightning-utilities>=0.10.0 (from pytorch-lightning>=2.0.0->neuralforecast)
  Downloading lightning_utilities-0.15.3-py3-none-any.whl.metadata (5.5 kB)
Collecting aiohttp!=4.0.0a0,!=4.0.0a1 (from fsspec[http]>=2022.5.0->pytorch-lightning>=2.0.0->neuralforecast)
  Downloading aiohttp-3.14.1-cp314-cp314-win_amd64.whl.metadata (8.5 kB)
Collecting aiohappyeyeballs>=2.5.0 (from aiohttp!=4.0.0a0,!=4.0.0a1->fsspec[http]>=2022.5.0->pytorch-lightning>=2.0.0->neuralforecast)
  Downloading aiohappyeyeballs-2.6.2-py3-none-any.whl.metadata (5.9 kB)
Collecting aiosignal>=1.4.0 (from aiohttp!=4.0.0a0,!=4.0.0a1->fsspec[http]>=2022.5.0->pytorch-lightning>=2.0.0->neuralforecast)
  Downloading aiosignal-1.4.0-py3-none-any.whl.metadata (3.7 kB)
Collecting attrs>=17.3.0 (from aiohttp!=4.0.0a0,!=4.0.0a1->fsspec[http]>=2022.5.0->pytorch-lightning>=2.0.0->neuralforecast)
  Downloading attrs-26.1.0-py3-none-any.whl.metadata (8.8 kB)
Collecting frozenlist>=1.1.1 (from aiohttp!=4.0.0a0,!=4.0.0a1->fsspec[http]>=2022.5.0->pytorch-lightning>=2.0.0->neuralforecast)
  Downloading frozenlist-1.8.0-cp314-cp314-win_amd64.whl.metadata (21 kB)
Collecting multidict<7.0,>=4.5 (from aiohttp!=4.0.0a0,!=4.0.0a1->fsspec[http]>=2022.5.0->pytorch-lightning>=2.0.0->neuralforecast)
  Downloading multidict-6.7.1-cp314-cp314-win_amd64.whl.metadata (5.5 kB)
Collecting propcache>=0.2.0 (from aiohttp!=4.0.0a0,!=4.0.0a1->fsspec[http]>=2022.5.0->pytorch-lightning>=2.0.0->neuralforecast)
  Downloading propcache-0.5.2-cp314-cp314-win_amd64.whl.metadata (17 kB)
Collecting yarl<2.0,>=1.17.0 (from aiohttp!=4.0.0a0,!=4.0.0a1->fsspec[http]>=2022.5.0->pytorch-lightning>=2.0.0->neuralforecast)
  Downloading yarl-1.24.2-cp314-cp314-win_amd64.whl.metadata (97 kB)
Collecting idna>=2.0 (from yarl<2.0,>=1.17.0->aiohttp!=4.0.0a0,!=4.0.0a1->fsspec[http]>=2022.5.0->pytorch-lightning>=2.0.0->neuralforecast)
  Downloading idna-3.18-py3-none-any.whl.metadata (6.1 kB)
Requirement already satisfied: filelock in C:\Users\oscarau\AppData\Local\Python\pythoncore-3.14-64\Lib\site-packages (from torch>=2.4.0->neuralforecast) (3.29.3)
Requirement already satisfied: setuptools<82 in C:\Users\oscarau\AppData\Local\Python\pythoncore-3.14-64\Lib\site-packages (from torch>=2.4.0->neuralforecast) (81.0.0)
Requirement already satisfied: sympy>=1.13.3 in C:\Users\oscarau\AppData\Local\Python\pythoncore-3.14-64\Lib\site-packages (from torch>=2.4.0->neuralforecast) (1.14.0)
Requirement already satisfied: networkx>=2.5.1 in C:\Users\oscarau\AppData\Local\Python\pythoncore-3.14-64\Lib\site-packages (from torch>=2.4.0->neuralforecast) (3.6.1)
Requirement already satisfied: jinja2 in C:\Users\oscarau\AppData\Local\Python\pythoncore-3.14-64\Lib\site-packages (from torch>=2.4.0->neuralforecast) (3.1.6)
Requirement already satisfied: mpmath<1.4,>=1.1.0 in C:\Users\oscarau\AppData\Local\Python\pythoncore-3.14-64\Lib\site-packages (from sympy>=1.13.3->torch>=2.4.0->neuralforecast) (1.3.0)
Collecting colorama (from tqdm->neuralforecast)
  Downloading colorama-0.4.6-py2.py3-none-any.whl.metadata (17 kB)
Collecting beautifulsoup4 (from gdown->neuralforecast)
  Downloading beautifulsoup4-4.15.0-py3-none-any.whl.metadata (3.8 kB)
Collecting soupsieve>=1.6.1 (from beautifulsoup4->gdown->neuralforecast)
  Downloading soupsieve-2.8.4-py3-none-any.whl.metadata (4.6 kB)
Requirement already satisfied: six in C:\Users\oscarau\AppData\Local\Python\pythoncore-3.14-64\Lib\site-packages (from hyperopt->neuralforecast) (1.17.0)
Collecting future (from hyperopt->neuralforecast)
  Downloading future-1.0.0-py3-none-any.whl.metadata (4.0 kB)
Collecting cloudpickle (from hyperopt->neuralforecast)
  Using cached cloudpickle-3.1.2-py3-none-any.whl.metadata (7.1 kB)
Collecting py4j (from hyperopt->neuralforecast)
  Downloading py4j-0.10.9.9-py2.py3-none-any.whl.metadata (1.3 kB)
Requirement already satisfied: MarkupSafe>=2.0 in C:\Users\oscarau\AppData\Local\Python\pythoncore-3.14-64\Lib\site-packages (from jinja2->torch>=2.4.0->neuralforecast) (3.0.3)
Collecting contourpy>=1.0.1 (from matplotlib->neuralforecast)
  Downloading contourpy-1.3.3-cp314-cp314-win_amd64.whl.metadata (5.5 kB)
Collecting cycler>=0.10 (from matplotlib->neuralforecast)
  Downloading cycler-0.12.1-py3-none-any.whl.metadata (3.8 kB)
Collecting fonttools>=4.22.0 (from matplotlib->neuralforecast)
  Downloading fonttools-4.63.0-cp314-cp314-win_amd64.whl.metadata (121 kB)
Collecting kiwisolver>=1.3.1 (from matplotlib->neuralforecast)
  Downloading kiwisolver-1.5.0-cp314-cp314-win_amd64.whl.metadata (5.2 kB)
Collecting pillow>=9 (from matplotlib->neuralforecast)
  Downloading pillow-12.2.0-cp314-cp314-win_amd64.whl.metadata (9.0 kB)
Collecting pyparsing>=3 (from matplotlib->neuralforecast)
  Downloading pyparsing-3.3.2-py3-none-any.whl.metadata (5.8 kB)
Requirement already satisfied: python-dateutil>=2.7 in C:\Users\oscarau\AppData\Local\Python\pythoncore-3.14-64\Lib\site-packages (from matplotlib->neuralforecast) (2.9.0.post0)
Collecting llvmlite<0.48,>=0.47.0dev0 (from numba->neuralforecast)
  Downloading llvmlite-0.47.0-cp314-cp314-win_amd64.whl.metadata (5.1 kB)
Collecting et-xmlfile (from openpyxl->neuralforecast)
  Downloading et_xmlfile-2.0.0-py3-none-any.whl.metadata (2.7 kB)
Requirement already satisfied: tzdata in C:\Users\oscarau\AppData\Local\Python\pythoncore-3.14-64\Lib\site-packages (from pandas>=1.3.5->neuralforecast) (2026.2)
Collecting texttable (from py7zr->neuralforecast)
  Downloading texttable-1.7.0-py2.py3-none-any.whl.metadata (9.8 kB)
Collecting pycryptodomex>=3.20.0 (from py7zr->neuralforecast)
  Downloading pycryptodomex-3.23.0-cp37-abi3-win_amd64.whl.metadata (3.5 kB)
Collecting brotli>=1.2.0 (from py7zr->neuralforecast)
  Downloading brotli-1.2.0-cp314-cp314-win_amd64.whl.metadata (6.3 kB)
Collecting psutil (from py7zr->neuralforecast)
  Downloading psutil-7.2.2-cp37-abi3-win_amd64.whl.metadata (22 kB)
Collecting pyppmd>=1.3.1 (from py7zr->neuralforecast)
  Downloading pyppmd-1.3.1-cp314-cp314-win_amd64.whl.metadata (5.6 kB)
Collecting pybcj>=1.0.6 (from py7zr->neuralforecast)
  Downloading pybcj-1.0.7-cp314-cp314-win_amd64.whl.metadata (4.0 kB)
Collecting multivolumefile>=0.2.3 (from py7zr->neuralforecast)
  Downloading multivolumefile-0.2.3-py3-none-any.whl.metadata (6.3 kB)
Collecting inflate64>=1.0.4 (from py7zr->neuralforecast)
  Downloading inflate64-1.0.4-cp314-cp314-win_amd64.whl.metadata (4.5 kB)
Collecting charset_normalizer<4,>=2 (from requests->neuralforecast)
  Downloading charset_normalizer-3.4.7-cp314-cp314-win_amd64.whl.metadata (41 kB)
Requirement already satisfied: urllib3<3,>=1.26 in C:\Users\oscarau\AppData\Local\Python\pythoncore-3.14-64\Lib\site-packages (from requests->neuralforecast) (2.7.0)
Collecting certifi>=2023.5.7 (from requests->neuralforecast)
  Downloading certifi-2026.5.20-py3-none-any.whl.metadata (2.5 kB)
Collecting PySocks!=1.5.7,>=1.5.6 (from requests[socks]->gdown->neuralforecast)
  Downloading PySocks-1.7.1-py3-none-any.whl.metadata (13 kB)
Requirement already satisfied: joblib>=1.4.0 in C:\Users\oscarau\AppData\Local\Python\pythoncore-3.14-64\Lib\site-packages (from scikit-learn->neuralforecast) (1.5.3)
Requirement already satisfied: narwhals>=2.0.1 in C:\Users\oscarau\AppData\Local\Python\pythoncore-3.14-64\Lib\site-packages (from scikit-learn->neuralforecast) (2.22.1)
Requirement already satisfied: threadpoolctl>=3.5.0 in C:\Users\oscarau\AppData\Local\Python\pythoncore-3.14-64\Lib\site-packages (from scikit-learn->neuralforecast) (3.6.0)
Requirement already satisfied: patsy>=0.5.6 in C:\Users\oscarau\AppData\Local\Python\pythoncore-3.14-64\Lib\site-packages (from statsmodels->neuralforecast) (1.0.2)
Downloading neuralforecast-0.1.0-py3-none-any.whl (138 kB)
Downloading pytorch_lightning-2.6.5-py3-none-any.whl (852 kB)
   ---------------------------------------- 852.4/852.4 kB 8.2 MB/s  0:00:00
Downloading aiohttp-3.14.1-cp314-cp314-win_amd64.whl (485 kB)
Downloading multidict-6.7.1-cp314-cp314-win_amd64.whl (45 kB)
Downloading yarl-1.24.2-cp314-cp314-win_amd64.whl (94 kB)
Downloading aiohappyeyeballs-2.6.2-py3-none-any.whl (15 kB)
Downloading aiosignal-1.4.0-py3-none-any.whl (7.5 kB)
Downloading attrs-26.1.0-py3-none-any.whl (67 kB)
Downloading frozenlist-1.8.0-cp314-cp314-win_amd64.whl (44 kB)
Downloading idna-3.18-py3-none-any.whl (65 kB)
Downloading lightning_utilities-0.15.3-py3-none-any.whl (31 kB)
Downloading propcache-0.5.2-cp314-cp314-win_amd64.whl (42 kB)
Downloading pyyaml-6.0.3-cp314-cp314-win_amd64.whl (156 kB)
Downloading torchmetrics-1.9.0-py3-none-any.whl (983 kB)
   ---------------------------------------- 983.4/983.4 kB 26.9 MB/s  0:00:00
Downloading tqdm-4.68.2-py3-none-any.whl (78 kB)
Downloading colorama-0.4.6-py2.py3-none-any.whl (25 kB)
Downloading fastcore-1.13.3-py3-none-any.whl (105 kB)
Downloading gdown-6.1.0-py3-none-any.whl (19 kB)
Downloading beautifulsoup4-4.15.0-py3-none-any.whl (109 kB)
Downloading soupsieve-2.8.4-py3-none-any.whl (37 kB)
Downloading hyperopt-0.2.7-py2.py3-none-any.whl (1.6 MB)
   ---------------------------------------- 1.6/1.6 MB 50.4 MB/s  0:00:00
Downloading cloudpickle-3.1.2-py3-none-any.whl (22 kB)
Downloading future-1.0.0-py3-none-any.whl (491 kB)
Downloading matplotlib-3.11.0-cp314-cp314-win_amd64.whl (9.5 MB)
   ---------------------------------------- 9.5/9.5 MB 59.0 MB/s  0:00:00
Downloading contourpy-1.3.3-cp314-cp314-win_amd64.whl (232 kB)
Downloading cycler-0.12.1-py3-none-any.whl (8.3 kB)
Downloading fonttools-4.63.0-cp314-cp314-win_amd64.whl (2.3 MB)
   ---------------------------------------- 2.3/2.3 MB 72.6 MB/s  0:00:00
Downloading kiwisolver-1.5.0-cp314-cp314-win_amd64.whl (75 kB)
Downloading pillow-12.2.0-cp314-cp314-win_amd64.whl (7.2 MB)
   ---------------------------------------- 7.2/7.2 MB 5.0 MB/s  0:00:01
Downloading pyparsing-3.3.2-py3-none-any.whl (122 kB)
Downloading numba-0.65.1-cp314-cp314-win_amd64.whl (2.8 MB)
   ---------------------------------------- 2.8/2.8 MB 76.7 MB/s  0:00:00
Downloading llvmlite-0.47.0-cp314-cp314-win_amd64.whl (39.2 MB)
   ---------------------------------------- 39.2/39.2 MB 15.5 MB/s  0:00:02
Downloading openpyxl-3.1.5-py2.py3-none-any.whl (250 kB)
Downloading et_xmlfile-2.0.0-py3-none-any.whl (18 kB)
Downloading py4j-0.10.9.9-py2.py3-none-any.whl (203 kB)
Downloading py7zr-1.1.0-py3-none-any.whl (71 kB)
Downloading brotli-1.2.0-cp314-cp314-win_amd64.whl (375 kB)
Downloading inflate64-1.0.4-cp314-cp314-win_amd64.whl (36 kB)
Downloading multivolumefile-0.2.3-py3-none-any.whl (17 kB)
Downloading pybcj-1.0.7-cp314-cp314-win_amd64.whl (25 kB)
Downloading pycryptodomex-3.23.0-cp37-abi3-win_amd64.whl (1.8 MB)
   ---------------------------------------- 1.8/1.8 MB 79.7 MB/s  0:00:00
Downloading pyppmd-1.3.1-cp314-cp314-win_amd64.whl (47 kB)
Downloading psutil-7.2.2-cp37-abi3-win_amd64.whl (137 kB)
Downloading requests-2.34.2-py3-none-any.whl (73 kB)
Downloading charset_normalizer-3.4.7-cp314-cp314-win_amd64.whl (159 kB)
Downloading certifi-2026.5.20-py3-none-any.whl (134 kB)
Downloading PySocks-1.7.1-py3-none-any.whl (16 kB)
Downloading texttable-1.7.0-py2.py3-none-any.whl (10 kB)
Downloading torchinfo-1.8.0-py3-none-any.whl (23 kB)
Downloading xlrd-2.0.2-py2.py3-none-any.whl (96 kB)
Installing collected packages: texttable, py4j, brotli, xlrd, torchinfo, soupsieve, PyYAML, PySocks, pyppmd, pyparsing, pycryptodomex, pybcj, psutil, propcache, pillow, multivolumefile, multidict, llvmlite, lightning-utilities, kiwisolver, inflate64, idna, future, frozenlist, fonttools, fastcore, et-xmlfile, cycler, contourpy, colorama, cloudpickle, charset_normalizer, certifi, attrs, aiohappyeyeballs, yarl, tqdm, requests, py7zr, openpyxl, numba, matplotlib, beautifulsoup4, aiosignal, torchmetrics, hyperopt, aiohttp, gdown, pytorch-lightning, neuralforecast
  WARNING: The script idna.exe is installed in 'C:\Users\oscarau\AppData\Local\Python\pythoncore-3.14-64\Scripts' which is not on PATH.
  Consider adding this directory to PATH or, if you prefer to suppress this warning, use --no-warn-script-location.
  WARNING: The scripts futurize.exe and pasteurize.exe are installed in 'C:\Users\oscarau\AppData\Local\Python\pythoncore-3.14-64\Scripts' which is not on PATH.
  Consider adding this directory to PATH or, if you prefer to suppress this warning, use --no-warn-script-location.
  WARNING: The scripts fonttools.exe, pyftmerge.exe, pyftsubset.exe and ttx.exe are installed in 'C:\Users\oscarau\AppData\Local\Python\pythoncore-3.14-64\Scripts' which is not on PATH.
  Consider adding this directory to PATH or, if you prefer to suppress this warning, use --no-warn-script-location.
  WARNING: The scripts py2pyi.exe and replace_wildcards.exe are installed in 'C:\Users\oscarau\AppData\Local\Python\pythoncore-3.14-64\Scripts' which is not on PATH.
  Consider adding this directory to PATH or, if you prefer to suppress this warning, use --no-warn-script-location.
  WARNING: The script normalizer.exe is installed in 'C:\Users\oscarau\AppData\Local\Python\pythoncore-3.14-64\Scripts' which is not on PATH.
  Consider adding this directory to PATH or, if you prefer to suppress this warning, use --no-warn-script-location.
  WARNING: The script tqdm.exe is installed in 'C:\Users\oscarau\AppData\Local\Python\pythoncore-3.14-64\Scripts' which is not on PATH.
  Consider adding this directory to PATH or, if you prefer to suppress this warning, use --no-warn-script-location.
  WARNING: The script py7zr.exe is installed in 'C:\Users\oscarau\AppData\Local\Python\pythoncore-3.14-64\Scripts' which is not on PATH.
  Consider adding this directory to PATH or, if you prefer to suppress this warning, use --no-warn-script-location.
  WARNING: The script hyperopt-mongo-worker.exe is installed in 'C:\Users\oscarau\AppData\Local\Python\pythoncore-3.14-64\Scripts' which is not on PATH.
  Consider adding this directory to PATH or, if you prefer to suppress this warning, use --no-warn-script-location.
  WARNING: The script gdown.exe is installed in 'C:\Users\oscarau\AppData\Local\Python\pythoncore-3.14-64\Scripts' which is not on PATH.
  Consider adding this directory to PATH or, if you prefer to suppress this warning, use --no-warn-script-location.

Successfully installed PySocks-1.7.1 PyYAML-6.0.3 aiohappyeyeballs-2.6.2 aiohttp-3.14.1 aiosignal-1.4.0 attrs-26.1.0 beautifulsoup4-4.15.0 brotli-1.2.0 certifi-2026.5.20 charset_normalizer-3.4.7 cloudpickle-3.1.2 colorama-0.4.6 contourpy-1.3.3 cycler-0.12.1 et-xmlfile-2.0.0 fastcore-1.13.3 fonttools-4.63.0 frozenlist-1.8.0 future-1.0.0 gdown-6.1.0 hyperopt-0.2.7 idna-3.18 inflate64-1.0.4 kiwisolver-1.5.0 lightning-utilities-0.15.3 llvmlite-0.47.0 matplotlib-3.11.0 multidict-6.7.1 multivolumefile-0.2.3 neuralforecast-0.1.0 numba-0.65.1 openpyxl-3.1.5 pillow-12.2.0 propcache-0.5.2 psutil-7.2.2 py4j-0.10.9.9 py7zr-1.1.0 pybcj-1.0.7 pycryptodomex-3.23.0 pyparsing-3.3.2 pyppmd-1.3.1 pytorch-lightning-2.6.5 requests-2.34.2 soupsieve-2.8.4 texttable-1.7.0 torchinfo-1.8.0 torchmetrics-1.9.0 tqdm-4.68.2 xlrd-2.0.2 yarl-1.24.2
