Collecting statsmodels
  Using cached statsmodels-0.14.6-cp314-cp314-win_amd64.whl.metadata (9.8 kB)
Collecting lightgbm
  Using cached lightgbm-4.6.0-py3-none-win_amd64.whl.metadata (17 kB)
Collecting xgboost
  Using cached xgboost-3.2.0-py3-none-win_amd64.whl.metadata (2.1 kB)
Collecting pmdarima
  Using cached pmdarima-2.1.1-cp314-cp314-win_amd64.whl.metadata (8.5 kB)
Requirement already satisfied: numpy<3,>=1.22.3 in C:\Users\oscarau\AppData\Local\Python\pythoncore-3.14-64\Lib\site-packages (from statsmodels) (2.4.6)
Collecting scipy!=1.9.2,>=1.8 (from statsmodels)
  Using cached scipy-1.17.1-cp314-cp314-win_amd64.whl.metadata (60 kB)
Requirement already satisfied: pandas!=2.1.0,>=1.4 in C:\Users\oscarau\AppData\Local\Python\pythoncore-3.14-64\Lib\site-packages (from statsmodels) (3.0.3)
Collecting patsy>=0.5.6 (from statsmodels)
  Using cached patsy-1.0.2-py2.py3-none-any.whl.metadata (3.6 kB)
Requirement already satisfied: packaging>=21.3 in C:\Users\oscarau\AppData\Local\Python\pythoncore-3.14-64\Lib\site-packages (from statsmodels) (26.2)
Collecting joblib>=0.11 (from pmdarima)
  Downloading joblib-1.5.3-py3-none-any.whl.metadata (5.5 kB)
Collecting Cython!=0.29.18,!=0.29.31,>=0.29 (from pmdarima)
  Downloading cython-3.2.5-cp314-cp314-win_amd64.whl.metadata (7.3 kB)
Collecting scikit-learn>=0.22 (from pmdarima)
  Downloading scikit_learn-1.9.0-cp314-cp314-win_amd64.whl.metadata (11 kB)
Collecting urllib3 (from pmdarima)
  Downloading urllib3-2.7.0-py3-none-any.whl.metadata (6.9 kB)
Requirement already satisfied: setuptools!=50.0.0,>=42 in C:\Users\oscarau\AppData\Local\Python\pythoncore-3.14-64\Lib\site-packages (from pmdarima) (82.0.1)
Requirement already satisfied: python-dateutil>=2.8.2 in C:\Users\oscarau\AppData\Local\Python\pythoncore-3.14-64\Lib\site-packages (from pandas!=2.1.0,>=1.4->statsmodels) (2.9.0.post0)
Requirement already satisfied: tzdata in C:\Users\oscarau\AppData\Local\Python\pythoncore-3.14-64\Lib\site-packages (from pandas!=2.1.0,>=1.4->statsmodels) (2026.2)
Requirement already satisfied: six>=1.5 in C:\Users\oscarau\AppData\Local\Python\pythoncore-3.14-64\Lib\site-packages (from python-dateutil>=2.8.2->pandas!=2.1.0,>=1.4->statsmodels) (1.17.0)
Collecting narwhals>=2.0.1 (from scikit-learn>=0.22->pmdarima)
  Downloading narwhals-2.22.1-py3-none-any.whl.metadata (15 kB)
Collecting threadpoolctl>=3.5.0 (from scikit-learn>=0.22->pmdarima)
  Downloading threadpoolctl-3.6.0-py3-none-any.whl.metadata (13 kB)
Downloading statsmodels-0.14.6-cp314-cp314-win_amd64.whl (9.6 MB)
   ---------------------------------------- 9.6/9.6 MB 23.9 MB/s  0:00:00
Downloading lightgbm-4.6.0-py3-none-win_amd64.whl (1.5 MB)
   ---------------------------------------- 1.5/1.5 MB 64.2 MB/s  0:00:00
Downloading xgboost-3.2.0-py3-none-win_amd64.whl (101.7 MB)
   ---------------------------------------- 101.7/101.7 MB 90.0 MB/s  0:00:01
Downloading pmdarima-2.1.1-cp314-cp314-win_amd64.whl (723 kB)
   ---------------------------------------- 723.3/723.3 kB 43.1 MB/s  0:00:00
Downloading cython-3.2.5-cp314-cp314-win_amd64.whl (2.8 MB)
   ---------------------------------------- 2.8/2.8 MB 77.2 MB/s  0:00:00
Downloading joblib-1.5.3-py3-none-any.whl (309 kB)
Downloading patsy-1.0.2-py2.py3-none-any.whl (233 kB)
Downloading scikit_learn-1.9.0-cp314-cp314-win_amd64.whl (8.3 MB)
   ---------------------------------------- 8.3/8.3 MB 73.9 MB/s  0:00:00
Downloading narwhals-2.22.1-py3-none-any.whl (454 kB)
Downloading scipy-1.17.1-cp314-cp314-win_amd64.whl (37.3 MB)
   ---------------------------------------- 37.3/37.3 MB 73.3 MB/s  0:00:00
Downloading threadpoolctl-3.6.0-py3-none-any.whl (18 kB)
Downloading urllib3-2.7.0-py3-none-any.whl (131 kB)
Installing collected packages: urllib3, threadpoolctl, scipy, patsy, narwhals, joblib, Cython, xgboost, scikit-learn, lightgbm, statsmodels, pmdarima
  WARNING: The scripts cygdb.exe, cython.exe and cythonize.exe are installed in 'C:\Users\oscarau\AppData\Local\Python\pythoncore-3.14-64\Scripts' which is not on PATH.
  Consider adding this directory to PATH or, if you prefer to suppress this warning, use --no-warn-script-location.

Successfully installed Cython-3.2.5 joblib-1.5.3 lightgbm-4.6.0 narwhals-2.22.1 patsy-1.0.2 pmdarima-2.1.1 scikit-learn-1.9.0 scipy-1.17.1 statsmodels-0.14.6 threadpoolctl-3.6.0 urllib3-2.7.0 xgboost-3.2.0
